<?xml version="1.0" encoding="UTF-8"?>
<!-- Generated by org.testng.reporters.JUnitReportReporter -->
<testsuite hostname="BDC7-D-CQPBH92" name="com.tests.Test2" tests="1" failures="0" timestamp="4 Jul 2018 04:36:04 GMT" time="27.735" errors="0">
  <testcase name="testGitHubLogin" time="27.735" classname="com.tests.Test2"/>
</testsuite> <!-- com.tests.Test2 -->
